<?xml version="1.0" encoding="UTF-8"?>
<!-- Generated by org.testng.reporters.JUnitReportReporter -->
<testsuite hostname="LAPTOP-6OACLVLF" failures="0" tests="2" name="com.SampleProject.AppLoginTest" time="29.022" errors="0" timestamp="2021-04-08T08:23:06 IST" skipped="0">
  <testcase classname="com.SampleProject.AppLoginTest" name="verifyLogin" time="20.610"/>
  <system-out/>
  <testcase classname="com.SampleProject.AppLoginTest" name="verifyInvalidLogin" time="8.412"/>
  <system-out/>
</testsuite> <!-- com.SampleProject.AppLoginTest -->
