<?xml version="1.0" encoding="UTF-8"?>
<!-- Generated by org.testng.reporters.JUnitReportReporter -->
<testsuite hostname="LAPTOP-6OACLVLF" failures="0" tests="1" name="com.SampleProject.AppLoginTest" time="7.785" errors="0" timestamp="2021-03-18T17:46:51 IST" skipped="0">
  <testcase classname="com.SampleProject.AppLoginTest" name="verifyLogin" time="7.785"/>
  <system-out/>
</testsuite> <!-- com.SampleProject.AppLoginTest -->
