<?xml version="1.0" encoding="UTF-8"?>
<!-- Generated by org.testng.reporters.JUnitReportReporter -->
<testsuite hostname="LAPTOP-6OACLVLF" failures="0" tests="2" name="com.SampleProject.AppBasicContactFormTestCase" time="17.379" errors="0" timestamp="2021-04-08T09:00:25 IST" skipped="0">
  <testcase classname="com.SampleProject.AppBasicContactFormTestCase" name="verifybasicontactlink" time="8.520"/>
  <system-out/>
  <testcase classname="com.SampleProject.AppBasicContactFormTestCase" name="verifycontact" time="8.859"/>
  <system-out/>
</testsuite> <!-- com.SampleProject.AppBasicContactFormTestCase -->
